This file contains any messages produced by compilers while
running configure, to aid debugging if configure makes a mistake.

It was created by configure, which was
generated by GNU Autoconf 2.69.  Invocation command line was

  $ ./configure --without-arts -- kworldclock

## --------- ##
## Platform. ##
## --------- ##

hostname = h_rmgdt
uname -m = i686
uname -r = 3.0.35-tuxonice-markIII
uname -s = Linux
uname -v = #19 SMP PREEMPT Sat Jan 12 20:02:20 EET 2013

/usr/bin/uname -p = Intel(R) Core(TM)2 Duo CPU T7700 @ 2.40GHz
/bin/uname -X     = unknown

/bin/arch              = unknown
/usr/bin/arch -k       = unknown
/usr/convex/getsysinfo = unknown
/usr/bin/hostinfo      = unknown
/bin/machine           = unknown
/usr/bin/oslevel       = unknown
/bin/universe          = unknown

PATH: /lib/rc/bin
PATH: /bin
PATH: /sbin
PATH: /bin
PATH: /sbin
PATH: /usr/bin
PATH: /usr/sbin
PATH: /usr/bin
PATH: /usr/sbin
PATH: /usr/local/bin
PATH: /usr/local/sbin
PATH: /usr/kde/git/bin
PATH: /usr/lib/ccache/bin/
PATH: /opt/bin
PATH: /usr/i686-pc-linux-gnu/gcc-bin/4.5.4
PATH: /usr/qt/3/bin
PATH: /usr/games/bin


## ----------- ##
## Core tests. ##
## ----------- ##

configure:3128: checking build system type
configure:3139: error: /bin/sh admin/config.sub kworldclock failed

## ---------------- ##
## Cache variables. ##
## ---------------- ##

ac_cv_build=
ac_cv_env_CCC_set=
ac_cv_env_CCC_value=
ac_cv_env_CC_set=
ac_cv_env_CC_value=
ac_cv_env_CFLAGS_set=
ac_cv_env_CFLAGS_value=
ac_cv_env_CPPFLAGS_set=
ac_cv_env_CPPFLAGS_value=
ac_cv_env_CPP_set=
ac_cv_env_CPP_value=
ac_cv_env_CXXCPP_set=
ac_cv_env_CXXCPP_value=
ac_cv_env_CXXFLAGS_set=
ac_cv_env_CXXFLAGS_value=
ac_cv_env_CXX_set=
ac_cv_env_CXX_value=
ac_cv_env_F77_set=
ac_cv_env_F77_value=
ac_cv_env_FFLAGS_set=
ac_cv_env_FFLAGS_value=
ac_cv_env_LDFLAGS_set=
ac_cv_env_LDFLAGS_value=
ac_cv_env_LIBS_set=
ac_cv_env_LIBS_value=
ac_cv_env_XMKMF_set=
ac_cv_env_XMKMF_value=
ac_cv_env_build_alias_set=set
ac_cv_env_build_alias_value=kworldclock
ac_cv_env_host_alias_set=set
ac_cv_env_host_alias_value=kworldclock
ac_cv_env_target_alias_set=set
ac_cv_env_target_alias_value=kworldclock

## ----------------- ##
## Output variables. ##
## ----------------- ##

ACLOCAL=''
AMDEPBACKSLASH=''
AMDEP_FALSE=''
AMDEP_TRUE=''
AMTAR=''
AR=''
ARTSCCONFIG=''
AUTOCONF=''
AUTODIRS=''
AUTOHEADER=''
AUTOMAKE=''
AWK=''
CC=''
CCDEPMODE=''
CFLAGS=''
COMPILE_ARTS_GL_KSAVERS_FALSE=''
COMPILE_ARTS_GL_KSAVERS_TRUE=''
COMPILE_ARTS_KSAVERS_FALSE=''
COMPILE_ARTS_KSAVERS_TRUE=''
COMPILE_GL_KSAVERS_FALSE=''
COMPILE_GL_KSAVERS_TRUE=''
COMPILE_GL_XSAVERS_FALSE=''
COMPILE_GL_XSAVERS_TRUE=''
COMPILE_LIBART_KSAVERS_FALSE=''
COMPILE_LIBART_KSAVERS_TRUE=''
COMPILE_X11_KSAVERS_FALSE=''
COMPILE_X11_KSAVERS_TRUE=''
CONF_FILES=''
CPP=''
CPPFLAGS=''
CXX=''
CXXCPP=''
CXXDEPMODE=''
CXXFLAGS=''
CYGPATH_W=''
DCOPIDL2CPP=''
DCOPIDL=''
DCOPIDLNG=''
DCOP_DEPENDENCIES=''
DEFS=''
DEPDIR=''
DPMSINC=''
DPMSLIB=''
ECHO='echo'
ECHO_C=''
ECHO_N='-n'
ECHO_T=''
EGREP=''
ENABLE_PERMISSIVE_FLAG=''
EXEEXT=''
F77=''
FFLAGS=''
FRAMEWORK_COREAUDIO=''
GLINC=''
GLLIB=''
GMSGFMT=''
GREP=''
HAVE_GCC_VISIBILITY=''
INSTALL_DATA=''
INSTALL_PROGRAM=''
INSTALL_SCRIPT=''
INSTALL_STRIP_PROGRAM=''
IconThemes_SUBDIR_included_FALSE=''
IconThemes_SUBDIR_included_TRUE=''
KCFG_DEPENDENCIES=''
KCONFIG_COMPILER=''
KDECONFIG=''
KDE_CHECK_PLUGIN=''
KDE_EXTRA_RPATH=''
KDE_INCLUDES=''
KDE_LDFLAGS=''
KDE_MT_LDFLAGS=''
KDE_MT_LIBS=''
KDE_NO_UNDEFINED=''
KDE_PLUGIN=''
KDE_RPATH=''
KDE_USE_CLOSURE_FALSE=''
KDE_USE_CLOSURE_TRUE=''
KDE_USE_FINAL_FALSE=''
KDE_USE_FINAL_TRUE=''
KDE_USE_FPIE=''
KDE_USE_NMCHECK_FALSE=''
KDE_USE_NMCHECK_TRUE=''
KDE_USE_PIE=''
KDE_XSL_STYLESHEET=''
LDFLAGS=''
LDFLAGS_AS_NEEDED=''
LDFLAGS_NEW_DTAGS=''
LIBART_CFLAGS=''
LIBART_LIBS=''
LIBART_RPATH=''
LIBCOMPAT=''
LIBCRYPT=''
LIBDL=''
LIBJPEG=''
LIBOBJS=''
LIBPNG=''
LIBPTHREAD=''
LIBRESOLV=''
LIBS=''
LIBSM=''
LIBSOCKET=''
LIBTOOL=''
LIBUCB=''
LIBUTIL=''
LIBZ=''
LIB_KAB=''
LIB_KABC=''
LIB_KDECORE=''
LIB_KDED=''
LIB_KDEPIM=''
LIB_KDEPRINT=''
LIB_KDEUI=''
LIB_KDNSSD=''
LIB_KFILE=''
LIB_KFM=''
LIB_KHTML=''
LIB_KIMPROXY=''
LIB_KIO=''
LIB_KJS=''
LIB_KNEWSTUFF=''
LIB_KPARTS=''
LIB_KSPELL=''
LIB_KSYCOCA=''
LIB_KUNITTEST=''
LIB_KUTILS=''
LIB_POLL=''
LIB_QPE=''
LIB_QT=''
LIB_SMB=''
LIB_X11=''
LIB_XEXT=''
LIB_XRENDER=''
LN_S=''
LTLIBOBJS=''
MAKEINFO=''
MAKEKDEWIDGETS=''
MCOPIDL=''
MEINPROC=''
MKDIR_P=''
MOC=''
MSGFMT=''
NOOPT_CFLAGS=''
NOOPT_CXXFLAGS=''
OBJEXT=''
PACKAGE=''
PACKAGE_BUGREPORT=''
PACKAGE_NAME=''
PACKAGE_STRING=''
PACKAGE_TARNAME=''
PACKAGE_URL=''
PACKAGE_VERSION=''
PATH_SEPARATOR=':'
PERL=''
PKG_CONFIG=''
QTE_NORTTI=''
QT_INCLUDES=''
QT_LDFLAGS=''
RANLIB=''
SET_MAKE=''
SHELL='/bin/sh'
STRIP=''
TOPSUBDIRS=''
UIC=''
UIC_TR=''
USER_INCLUDES=''
USER_LDFLAGS=''
USE_EXCEPTIONS=''
USE_RTTI=''
USE_THREADS=''
VERSION=''
WOVERLOADED_VIRTUAL=''
XGETTEXT=''
XMKMF=''
XMLLINT=''
XSCREENSAVER_HACKS_DIR=''
X_EXTRA_LIBS=''
X_INCLUDES=''
X_LDFLAGS=''
X_PRE_LIBS=''
X_RPATH=''
ac_ct_CC=''
ac_ct_CXX=''
ac_ct_F77=''
all_includes=''
all_libraries=''
am__EXEEXT_FALSE=''
am__EXEEXT_TRUE=''
am__fastdepCC_FALSE=''
am__fastdepCC_TRUE=''
am__fastdepCXX_FALSE=''
am__fastdepCXX_TRUE=''
am__include=''
am__isrc=''
am__leading_dot=''
am__nodep=''
am__quote=''
am__tar=''
am__untar=''
bindir='${exec_prefix}/bin'
build='kworldclock'
build_alias='kworldclock'
build_cpu=''
build_os=''
build_vendor=''
datadir='${datarootdir}'
datarootdir='${prefix}/share'
docdir='${datarootdir}/doc/${PACKAGE}'
dvidir='${docdir}'
emoticons_SUBDIR_included_FALSE=''
emoticons_SUBDIR_included_TRUE=''
exec_prefix='NONE'
host='kworldclock'
host_alias='kworldclock'
host_cpu=''
host_os=''
host_vendor=''
htmldir='${docdir}'
icewm_themes_SUBDIR_included_FALSE=''
icewm_themes_SUBDIR_included_TRUE=''
include_ARTS_FALSE=''
include_ARTS_TRUE=''
include_XSCREENSAVER_FALSE=''
include_XSCREENSAVER_TRUE=''
include_x11_FALSE=''
include_x11_TRUE=''
includedir='${prefix}/include'
infodir='${datarootdir}/info'
install_sh=''
kde_appsdir=''
kde_bindir=''
kde_confdir=''
kde_datadir=''
kde_htmldir=''
kde_icondir=''
kde_includes=''
kde_kcfgdir=''
kde_libraries=''
kde_libs_htmldir=''
kde_libs_prefix=''
kde_locale=''
kde_mimedir=''
kde_moduledir=''
kde_qtver=''
kde_servicesdir=''
kde_servicetypesdir=''
kde_sounddir=''
kde_styledir=''
kde_templatesdir=''
kde_wallpaperdir=''
kde_widgetdir=''
kdeinitdir=''
kscreensaver_SUBDIR_included_FALSE=''
kscreensaver_SUBDIR_included_TRUE=''
kwin_styles_SUBDIR_included_FALSE=''
kwin_styles_SUBDIR_included_TRUE=''
kworldclock_SUBDIR_included_FALSE=''
kworldclock_SUBDIR_included_TRUE=''
libdir='${exec_prefix}/lib'
libexecdir='${exec_prefix}/libexec'
localedir='${datarootdir}/locale'
localstatedir='${prefix}/var'
mandir='${datarootdir}/man'
mkdir_p=''
oldincludedir='/usr/include'
pdfdir='${docdir}'
prefix='NONE'
program_transform_name='s,x,x,'
psdir='${docdir}'
qt_includes=''
qt_libraries=''
sbindir='${exec_prefix}/sbin'
sharedstatedir='${prefix}/com'
sounds_SUBDIR_included_FALSE=''
sounds_SUBDIR_included_TRUE=''
styles_SUBDIR_included_FALSE=''
styles_SUBDIR_included_TRUE=''
sysconfdir='${prefix}/etc'
target='kworldclock'
target_alias='kworldclock'
target_cpu=''
target_os=''
target_vendor=''
unsermake_enable_pch_FALSE=''
unsermake_enable_pch_TRUE=''
wallpapers_SUBDIR_included_FALSE=''
wallpapers_SUBDIR_included_TRUE=''
x_includes='NONE'
x_libraries='NONE'
xdg_appsdir=''
xdg_directorydir=''
xdg_menudir=''

## ----------- ##
## confdefs.h. ##
## ----------- ##

/* confdefs.h */
#define PACKAGE_NAME ""
#define PACKAGE_TARNAME ""
#define PACKAGE_VERSION ""
#define PACKAGE_STRING ""
#define PACKAGE_BUGREPORT ""
#define PACKAGE_URL ""

configure: exit 1
